2024-12-06 15:55:43.444 [info] Extension host with pid 30755 started
2024-12-06 15:55:43.458 [info] ExtensionService#_doActivateExtension vscode.git-base, startup: true, activationEvent: '*', root cause: vscode.git
2024-12-06 15:55:43.462 [info] ExtensionService#_doActivateExtension vscode.git, startup: true, activationEvent: '*'
2024-12-06 15:55:43.488 [info] ExtensionService#_doActivateExtension vscode.github, startup: true, activationEvent: '*'
2024-12-06 15:55:43.553 [info] Eager extensions activated
2024-12-06 15:55:43.564 [info] ExtensionService#_doActivateExtension vscode.debug-auto-launch, startup: false, activationEvent: 'onStartupFinished'
2024-12-06 15:55:43.565 [info] ExtensionService#_doActivateExtension vscode.merge-conflict, startup: false, activationEvent: 'onStartupFinished'
2024-12-06 15:55:44.811 [info] Extension host terminating: renderer closed the MessagePort
2024-12-06 15:55:44.820 [error] ProxyResolver#addCertificatesV1 Canceled: Canceled
	at new tT (file:///private/var/folders/kc/smn59wvs4wl37ry87c07s96c0000gn/T/AppTranslocation/B4BC3D63-A62D-41BD-99E2-E2F0CB2EBA42/d/Visual%20Studio%20Code.app/Contents/Resources/app/out/vs/workbench/api/node/extensionHostProcess.js:31:108738)
	at py.U (file:///private/var/folders/kc/smn59wvs4wl37ry87c07s96c0000gn/T/AppTranslocation/B4BC3D63-A62D-41BD-99E2-E2F0CB2EBA42/d/Visual%20Studio%20Code.app/Contents/Resources/app/out/vs/workbench/api/node/extensionHostProcess.js:31:113348)
	at s.<computed>.n.charCodeAt.s.<computed> (file:///private/var/folders/kc/smn59wvs4wl37ry87c07s96c0000gn/T/AppTranslocation/B4BC3D63-A62D-41BD-99E2-E2F0CB2EBA42/d/Visual%20Studio%20Code.app/Contents/Resources/app/out/vs/workbench/api/node/extensionHostProcess.js:31:110842)
	at L0.loadCertificates (file:///private/var/folders/kc/smn59wvs4wl37ry87c07s96c0000gn/T/AppTranslocation/B4BC3D63-A62D-41BD-99E2-E2F0CB2EBA42/d/Visual%20Studio%20Code.app/Contents/Resources/app/out/vs/workbench/api/node/extensionHostProcess.js:109:54125)
	at Object.loadAdditionalCertificates (file:///private/var/folders/kc/smn59wvs4wl37ry87c07s96c0000gn/T/AppTranslocation/B4BC3D63-A62D-41BD-99E2-E2F0CB2EBA42/d/Visual%20Studio%20Code.app/Contents/Resources/app/out/vs/workbench/api/node/extensionHostProcess.js:158:2086)
	at /private/var/folders/kc/smn59wvs4wl37ry87c07s96c0000gn/T/AppTranslocation/B4BC3D63-A62D-41BD-99E2-E2F0CB2EBA42/d/Visual Studio Code.app/Contents/Resources/app/node_modules/@vscode/proxy-agent/out/index.js:499:53
	at Generator.next (<anonymous>)
	at /private/var/folders/kc/smn59wvs4wl37ry87c07s96c0000gn/T/AppTranslocation/B4BC3D63-A62D-41BD-99E2-E2F0CB2EBA42/d/Visual Studio Code.app/Contents/Resources/app/node_modules/@vscode/proxy-agent/out/index.js:35:71
	at new Promise (<anonymous>)
	at __awaiter (/private/var/folders/kc/smn59wvs4wl37ry87c07s96c0000gn/T/AppTranslocation/B4BC3D63-A62D-41BD-99E2-E2F0CB2EBA42/d/Visual Studio Code.app/Contents/Resources/app/node_modules/@vscode/proxy-agent/out/index.js:31:12)
	at /private/var/folders/kc/smn59wvs4wl37ry87c07s96c0000gn/T/AppTranslocation/B4BC3D63-A62D-41BD-99E2-E2F0CB2EBA42/d/Visual Studio Code.app/Contents/Resources/app/node_modules/@vscode/proxy-agent/out/index.js:498:43
	at /private/var/folders/kc/smn59wvs4wl37ry87c07s96c0000gn/T/AppTranslocation/B4BC3D63-A62D-41BD-99E2-E2F0CB2EBA42/d/Visual Studio Code.app/Contents/Resources/app/node_modules/@vscode/proxy-agent/out/index.js:500:16
	at Generator.next (<anonymous>)
	at /private/var/folders/kc/smn59wvs4wl37ry87c07s96c0000gn/T/AppTranslocation/B4BC3D63-A62D-41BD-99E2-E2F0CB2EBA42/d/Visual Studio Code.app/Contents/Resources/app/node_modules/@vscode/proxy-agent/out/index.js:35:71
	at new Promise (<anonymous>)
	at __awaiter (/private/var/folders/kc/smn59wvs4wl37ry87c07s96c0000gn/T/AppTranslocation/B4BC3D63-A62D-41BD-99E2-E2F0CB2EBA42/d/Visual Studio Code.app/Contents/Resources/app/node_modules/@vscode/proxy-agent/out/index.js:31:12)
	at getOrLoadAdditionalCertificates (/private/var/folders/kc/smn59wvs4wl37ry87c07s96c0000gn/T/AppTranslocation/B4BC3D63-A62D-41BD-99E2-E2F0CB2EBA42/d/Visual Studio Code.app/Contents/Resources/app/node_modules/@vscode/proxy-agent/out/index.js:496:12)
	at addCertificatesV1 (/private/var/folders/kc/smn59wvs4wl37ry87c07s96c0000gn/T/AppTranslocation/B4BC3D63-A62D-41BD-99E2-E2F0CB2EBA42/d/Visual Studio Code.app/Contents/Resources/app/node_modules/@vscode/proxy-agent/out/index.js:480:9)
	at resolveProxy (/private/var/folders/kc/smn59wvs4wl37ry87c07s96c0000gn/T/AppTranslocation/B4BC3D63-A62D-41BD-99E2-E2F0CB2EBA42/d/Visual Studio Code.app/Contents/Resources/app/node_modules/@vscode/proxy-agent/out/index.js:113:9)
	at /private/var/folders/kc/smn59wvs4wl37ry87c07s96c0000gn/T/AppTranslocation/B4BC3D63-A62D-41BD-99E2-E2F0CB2EBA42/d/Visual Studio Code.app/Contents/Resources/app/node_modules/@vscode/proxy-agent/out/index.js:325:77
	at new Promise (<anonymous>)
	at _PacProxyAgent.resolveP [as resolver] (/private/var/folders/kc/smn59wvs4wl37ry87c07s96c0000gn/T/AppTranslocation/B4BC3D63-A62D-41BD-99E2-E2F0CB2EBA42/d/Visual Studio Code.app/Contents/Resources/app/node_modules/@vscode/proxy-agent/out/index.js:325:54)
	at _PacProxyAgent.<anonymous> (/private/var/folders/kc/smn59wvs4wl37ry87c07s96c0000gn/T/AppTranslocation/B4BC3D63-A62D-41BD-99E2-E2F0CB2EBA42/d/Visual Studio Code.app/Contents/Resources/app/node_modules/@vscode/proxy-agent/out/agent.js:70:37)
	at Generator.next (<anonymous>)
	at /private/var/folders/kc/smn59wvs4wl37ry87c07s96c0000gn/T/AppTranslocation/B4BC3D63-A62D-41BD-99E2-E2F0CB2EBA42/d/Visual Studio Code.app/Contents/Resources/app/node_modules/@vscode/proxy-agent/out/agent.js:8:71
	at new Promise (<anonymous>)
	at __awaiter (/private/var/folders/kc/smn59wvs4wl37ry87c07s96c0000gn/T/AppTranslocation/B4BC3D63-A62D-41BD-99E2-E2F0CB2EBA42/d/Visual Studio Code.app/Contents/Resources/app/node_modules/@vscode/proxy-agent/out/agent.js:4:12)
	at _PacProxyAgent.connect (/private/var/folders/kc/smn59wvs4wl37ry87c07s96c0000gn/T/AppTranslocation/B4BC3D63-A62D-41BD-99E2-E2F0CB2EBA42/d/Visual Studio Code.app/Contents/Resources/app/node_modules/@vscode/proxy-agent/out/agent.js:52:16)
	at /private/var/folders/kc/smn59wvs4wl37ry87c07s96c0000gn/T/AppTranslocation/B4BC3D63-A62D-41BD-99E2-E2F0CB2EBA42/d/Visual Studio Code.app/Contents/Resources/app/node_modules/agent-base/dist/index.js:132:30
2024-12-06 15:55:44.820 [info] Extension host with pid 30755 exiting with code 0
